2019-07-25 11:51:06,817 INFO 14012 [Timer] /Users/Lee/Desktop/javascript_re/eggdemo/node_modules/egg-multipart/app/schedule/clean_tmpdir.js next time will execute after 59933188ms at 2019-07-26 04:30:00.005
2019-07-25 11:51:06,817 INFO 14012 [Timer] /Users/Lee/Desktop/javascript_re/eggdemo/node_modules/egg-logrotator/app/schedule/clean_log.js next time will execute after 43733183ms at 2019-07-26 00:00:00.000
2019-07-25 11:51:06,818 INFO 14012 [Timer] /Users/Lee/Desktop/javascript_re/eggdemo/node_modules/egg-logrotator/app/schedule/rotate_by_file.js next time will execute after 43734183ms at 2019-07-26 00:00:01.001
2019-07-25 11:51:06,681 INFO 14014 [egg-schedule]: register schedule /Users/Lee/Desktop/javascript_re/eggdemo/node_modules/egg-multipart/app/schedule/clean_tmpdir.js
2019-07-25 11:51:06,681 INFO 14014 [egg-schedule]: register schedule /Users/Lee/Desktop/javascript_re/eggdemo/node_modules/egg-logrotator/app/schedule/clean_log.js
2019-07-25 11:51:06,681 INFO 14014 [egg-schedule]: register schedule /Users/Lee/Desktop/javascript_re/eggdemo/node_modules/egg-logrotator/app/schedule/rotate_by_file.js
2019-07-25 11:52:06,763 INFO 14037 [egg-schedule]: register schedule /Users/Lee/Desktop/javascript_re/eggdemo/node_modules/egg-multipart/app/schedule/clean_tmpdir.js
2019-07-25 11:52:06,763 INFO 14037 [egg-schedule]: register schedule /Users/Lee/Desktop/javascript_re/eggdemo/node_modules/egg-logrotator/app/schedule/clean_log.js
2019-07-25 11:52:06,763 INFO 14037 [egg-schedule]: register schedule /Users/Lee/Desktop/javascript_re/eggdemo/node_modules/egg-logrotator/app/schedule/rotate_by_file.js
2019-07-25 11:52:29,736 INFO 14051 [egg-schedule]: register schedule /Users/Lee/Desktop/javascript_re/eggdemo/node_modules/egg-multipart/app/schedule/clean_tmpdir.js
2019-07-25 11:52:29,736 INFO 14051 [egg-schedule]: register schedule /Users/Lee/Desktop/javascript_re/eggdemo/node_modules/egg-logrotator/app/schedule/clean_log.js
2019-07-25 11:52:29,736 INFO 14051 [egg-schedule]: register schedule /Users/Lee/Desktop/javascript_re/eggdemo/node_modules/egg-logrotator/app/schedule/rotate_by_file.js
2019-07-25 11:52:49,837 INFO 14061 [egg-schedule]: register schedule /Users/Lee/Desktop/javascript_re/eggdemo/node_modules/egg-multipart/app/schedule/clean_tmpdir.js
2019-07-25 11:52:49,837 INFO 14061 [egg-schedule]: register schedule /Users/Lee/Desktop/javascript_re/eggdemo/node_modules/egg-logrotator/app/schedule/clean_log.js
2019-07-25 11:52:49,837 INFO 14061 [egg-schedule]: register schedule /Users/Lee/Desktop/javascript_re/eggdemo/node_modules/egg-logrotator/app/schedule/rotate_by_file.js
2019-07-25 11:53:00,744 INFO 14066 [egg-schedule]: register schedule /Users/Lee/Desktop/javascript_re/eggdemo/node_modules/egg-multipart/app/schedule/clean_tmpdir.js
2019-07-25 11:53:00,744 INFO 14066 [egg-schedule]: register schedule /Users/Lee/Desktop/javascript_re/eggdemo/node_modules/egg-logrotator/app/schedule/clean_log.js
2019-07-25 11:53:00,744 INFO 14066 [egg-schedule]: register schedule /Users/Lee/Desktop/javascript_re/eggdemo/node_modules/egg-logrotator/app/schedule/rotate_by_file.js
2019-07-25 11:55:33,509 INFO 14121 [egg-schedule]: register schedule /Users/Lee/Desktop/javascript_re/eggdemo/node_modules/egg-multipart/app/schedule/clean_tmpdir.js
2019-07-25 11:55:33,509 INFO 14121 [egg-schedule]: register schedule /Users/Lee/Desktop/javascript_re/eggdemo/node_modules/egg-logrotator/app/schedule/clean_log.js
2019-07-25 11:55:33,509 INFO 14121 [egg-schedule]: register schedule /Users/Lee/Desktop/javascript_re/eggdemo/node_modules/egg-logrotator/app/schedule/rotate_by_file.js
2019-07-25 11:55:33,650 INFO 14120 [Timer] /Users/Lee/Desktop/javascript_re/eggdemo/node_modules/egg-multipart/app/schedule/clean_tmpdir.js next time will execute after 59666355ms at 2019-07-26 04:30:00.005
2019-07-25 11:55:33,651 INFO 14120 [Timer] /Users/Lee/Desktop/javascript_re/eggdemo/node_modules/egg-logrotator/app/schedule/clean_log.js next time will execute after 43466350ms at 2019-07-26 00:00:00.001
2019-07-25 11:55:33,652 INFO 14120 [Timer] /Users/Lee/Desktop/javascript_re/eggdemo/node_modules/egg-logrotator/app/schedule/rotate_by_file.js next time will execute after 43467349ms at 2019-07-26 00:00:01.001
2019-07-25 11:59:24,141 INFO 14206 [egg-schedule]: register schedule /Users/Lee/Desktop/javascript_re/eggdemo/node_modules/egg-multipart/app/schedule/clean_tmpdir.js
2019-07-25 11:59:24,141 INFO 14206 [egg-schedule]: register schedule /Users/Lee/Desktop/javascript_re/eggdemo/node_modules/egg-logrotator/app/schedule/clean_log.js
2019-07-25 11:59:24,141 INFO 14206 [egg-schedule]: register schedule /Users/Lee/Desktop/javascript_re/eggdemo/node_modules/egg-logrotator/app/schedule/rotate_by_file.js
2019-07-25 11:59:43,704 INFO 14214 [egg-schedule]: register schedule /Users/Lee/Desktop/javascript_re/eggdemo/node_modules/egg-multipart/app/schedule/clean_tmpdir.js
2019-07-25 11:59:43,704 INFO 14214 [egg-schedule]: register schedule /Users/Lee/Desktop/javascript_re/eggdemo/node_modules/egg-logrotator/app/schedule/clean_log.js
2019-07-25 11:59:43,704 INFO 14214 [egg-schedule]: register schedule /Users/Lee/Desktop/javascript_re/eggdemo/node_modules/egg-logrotator/app/schedule/rotate_by_file.js
2019-07-25 12:00:20,917 INFO 14227 [egg-schedule]: register schedule /Users/Lee/Desktop/javascript_re/eggdemo/node_modules/egg-multipart/app/schedule/clean_tmpdir.js
2019-07-25 12:00:20,918 INFO 14227 [egg-schedule]: register schedule /Users/Lee/Desktop/javascript_re/eggdemo/node_modules/egg-logrotator/app/schedule/clean_log.js
2019-07-25 12:00:20,918 INFO 14227 [egg-schedule]: register schedule /Users/Lee/Desktop/javascript_re/eggdemo/node_modules/egg-logrotator/app/schedule/rotate_by_file.js
2019-07-25 12:00:34,226 INFO 14232 [egg-schedule]: register schedule /Users/Lee/Desktop/javascript_re/eggdemo/node_modules/egg-multipart/app/schedule/clean_tmpdir.js
2019-07-25 12:00:34,226 INFO 14232 [egg-schedule]: register schedule /Users/Lee/Desktop/javascript_re/eggdemo/node_modules/egg-logrotator/app/schedule/clean_log.js
2019-07-25 12:00:34,226 INFO 14232 [egg-schedule]: register schedule /Users/Lee/Desktop/javascript_re/eggdemo/node_modules/egg-logrotator/app/schedule/rotate_by_file.js
2019-07-25 12:00:42,568 INFO 14237 [egg-schedule]: register schedule /Users/Lee/Desktop/javascript_re/eggdemo/node_modules/egg-multipart/app/schedule/clean_tmpdir.js
2019-07-25 12:00:42,568 INFO 14237 [egg-schedule]: register schedule /Users/Lee/Desktop/javascript_re/eggdemo/node_modules/egg-logrotator/app/schedule/clean_log.js
2019-07-25 12:00:42,568 INFO 14237 [egg-schedule]: register schedule /Users/Lee/Desktop/javascript_re/eggdemo/node_modules/egg-logrotator/app/schedule/rotate_by_file.js
2019-07-25 12:00:50,059 INFO 14241 [egg-schedule]: register schedule /Users/Lee/Desktop/javascript_re/eggdemo/node_modules/egg-multipart/app/schedule/clean_tmpdir.js
2019-07-25 12:00:50,059 INFO 14241 [egg-schedule]: register schedule /Users/Lee/Desktop/javascript_re/eggdemo/node_modules/egg-logrotator/app/schedule/clean_log.js
2019-07-25 12:00:50,060 INFO 14241 [egg-schedule]: register schedule /Users/Lee/Desktop/javascript_re/eggdemo/node_modules/egg-logrotator/app/schedule/rotate_by_file.js
2019-07-25 12:01:03,477 INFO 14246 [egg-schedule]: register schedule /Users/Lee/Desktop/javascript_re/eggdemo/node_modules/egg-multipart/app/schedule/clean_tmpdir.js
2019-07-25 12:01:03,477 INFO 14246 [egg-schedule]: register schedule /Users/Lee/Desktop/javascript_re/eggdemo/node_modules/egg-logrotator/app/schedule/clean_log.js
2019-07-25 12:01:03,477 INFO 14246 [egg-schedule]: register schedule /Users/Lee/Desktop/javascript_re/eggdemo/node_modules/egg-logrotator/app/schedule/rotate_by_file.js
2019-07-25 12:01:09,436 INFO 14249 [egg-schedule]: register schedule /Users/Lee/Desktop/javascript_re/eggdemo/node_modules/egg-multipart/app/schedule/clean_tmpdir.js
2019-07-25 12:01:09,436 INFO 14249 [egg-schedule]: register schedule /Users/Lee/Desktop/javascript_re/eggdemo/node_modules/egg-logrotator/app/schedule/clean_log.js
2019-07-25 12:01:09,436 INFO 14249 [egg-schedule]: register schedule /Users/Lee/Desktop/javascript_re/eggdemo/node_modules/egg-logrotator/app/schedule/rotate_by_file.js
2019-07-25 12:01:23,725 INFO 14254 [egg-schedule]: register schedule /Users/Lee/Desktop/javascript_re/eggdemo/node_modules/egg-multipart/app/schedule/clean_tmpdir.js
2019-07-25 12:01:23,726 INFO 14254 [egg-schedule]: register schedule /Users/Lee/Desktop/javascript_re/eggdemo/node_modules/egg-logrotator/app/schedule/clean_log.js
2019-07-25 12:01:23,726 INFO 14254 [egg-schedule]: register schedule /Users/Lee/Desktop/javascript_re/eggdemo/node_modules/egg-logrotator/app/schedule/rotate_by_file.js
2019-07-25 12:01:50,859 INFO 14268 [egg-schedule]: register schedule /Users/Lee/Desktop/javascript_re/eggdemo/node_modules/egg-multipart/app/schedule/clean_tmpdir.js
2019-07-25 12:01:50,859 INFO 14268 [egg-schedule]: register schedule /Users/Lee/Desktop/javascript_re/eggdemo/node_modules/egg-logrotator/app/schedule/clean_log.js
2019-07-25 12:01:50,859 INFO 14268 [egg-schedule]: register schedule /Users/Lee/Desktop/javascript_re/eggdemo/node_modules/egg-logrotator/app/schedule/rotate_by_file.js
2019-07-25 12:01:58,134 INFO 14272 [egg-schedule]: register schedule /Users/Lee/Desktop/javascript_re/eggdemo/node_modules/egg-multipart/app/schedule/clean_tmpdir.js
2019-07-25 12:01:58,134 INFO 14272 [egg-schedule]: register schedule /Users/Lee/Desktop/javascript_re/eggdemo/node_modules/egg-logrotator/app/schedule/clean_log.js
2019-07-25 12:01:58,134 INFO 14272 [egg-schedule]: register schedule /Users/Lee/Desktop/javascript_re/eggdemo/node_modules/egg-logrotator/app/schedule/rotate_by_file.js
2019-07-25 12:02:02,578 INFO 14273 [egg-schedule]: register schedule /Users/Lee/Desktop/javascript_re/eggdemo/node_modules/egg-multipart/app/schedule/clean_tmpdir.js
2019-07-25 12:02:02,578 INFO 14273 [egg-schedule]: register schedule /Users/Lee/Desktop/javascript_re/eggdemo/node_modules/egg-logrotator/app/schedule/clean_log.js
2019-07-25 12:02:02,578 INFO 14273 [egg-schedule]: register schedule /Users/Lee/Desktop/javascript_re/eggdemo/node_modules/egg-logrotator/app/schedule/rotate_by_file.js
2019-07-25 12:02:11,427 INFO 14280 [egg-schedule]: register schedule /Users/Lee/Desktop/javascript_re/eggdemo/node_modules/egg-multipart/app/schedule/clean_tmpdir.js
2019-07-25 12:02:11,427 INFO 14280 [egg-schedule]: register schedule /Users/Lee/Desktop/javascript_re/eggdemo/node_modules/egg-logrotator/app/schedule/clean_log.js
2019-07-25 12:02:11,427 INFO 14280 [egg-schedule]: register schedule /Users/Lee/Desktop/javascript_re/eggdemo/node_modules/egg-logrotator/app/schedule/rotate_by_file.js
2019-07-25 12:03:16,111 INFO 14305 [egg-schedule]: register schedule /Users/Lee/Desktop/javascript_re/eggdemo/node_modules/egg-multipart/app/schedule/clean_tmpdir.js
2019-07-25 12:03:16,111 INFO 14305 [egg-schedule]: register schedule /Users/Lee/Desktop/javascript_re/eggdemo/node_modules/egg-logrotator/app/schedule/clean_log.js
2019-07-25 12:03:16,111 INFO 14305 [egg-schedule]: register schedule /Users/Lee/Desktop/javascript_re/eggdemo/node_modules/egg-logrotator/app/schedule/rotate_by_file.js
2019-07-25 12:06:06,883 INFO 14365 [egg-schedule]: register schedule /Users/Lee/Desktop/javascript_re/eggdemo/node_modules/egg-multipart/app/schedule/clean_tmpdir.js
2019-07-25 12:06:06,883 INFO 14365 [egg-schedule]: register schedule /Users/Lee/Desktop/javascript_re/eggdemo/node_modules/egg-logrotator/app/schedule/clean_log.js
2019-07-25 12:06:06,883 INFO 14365 [egg-schedule]: register schedule /Users/Lee/Desktop/javascript_re/eggdemo/node_modules/egg-logrotator/app/schedule/rotate_by_file.js
2019-07-25 12:24:35,128 INFO 14784 [Timer] /Users/Lee/Desktop/javascript_re/eggdemo/node_modules/egg-multipart/app/schedule/clean_tmpdir.js next time will execute after 57924875ms at 2019-07-26 04:30:00.003
2019-07-25 12:24:35,129 INFO 14784 [Timer] /Users/Lee/Desktop/javascript_re/eggdemo/node_modules/egg-logrotator/app/schedule/clean_log.js next time will execute after 41724872ms at 2019-07-26 00:00:00.001
2019-07-25 12:24:35,129 INFO 14784 [Timer] /Users/Lee/Desktop/javascript_re/eggdemo/node_modules/egg-logrotator/app/schedule/rotate_by_file.js next time will execute after 41725871ms at 2019-07-26 00:00:01.000
2019-07-25 12:24:34,984 INFO 14785 [egg-schedule]: register schedule /Users/Lee/Desktop/javascript_re/eggdemo/node_modules/egg-multipart/app/schedule/clean_tmpdir.js
2019-07-25 12:24:34,984 INFO 14785 [egg-schedule]: register schedule /Users/Lee/Desktop/javascript_re/eggdemo/node_modules/egg-logrotator/app/schedule/clean_log.js
2019-07-25 12:24:34,984 INFO 14785 [egg-schedule]: register schedule /Users/Lee/Desktop/javascript_re/eggdemo/node_modules/egg-logrotator/app/schedule/rotate_by_file.js
2019-07-25 12:32:41,937 INFO 14947 [egg-schedule]: register schedule /Users/Lee/Desktop/javascript_re/eggdemo/node_modules/egg-multipart/app/schedule/clean_tmpdir.js
2019-07-25 12:32:41,937 INFO 14947 [egg-schedule]: register schedule /Users/Lee/Desktop/javascript_re/eggdemo/node_modules/egg-logrotator/app/schedule/clean_log.js
2019-07-25 12:32:41,937 INFO 14947 [egg-schedule]: register schedule /Users/Lee/Desktop/javascript_re/eggdemo/node_modules/egg-logrotator/app/schedule/rotate_by_file.js
2019-07-25 12:32:46,444 INFO 14949 [egg-schedule]: register schedule /Users/Lee/Desktop/javascript_re/eggdemo/node_modules/egg-multipart/app/schedule/clean_tmpdir.js
2019-07-25 12:32:46,444 INFO 14949 [egg-schedule]: register schedule /Users/Lee/Desktop/javascript_re/eggdemo/node_modules/egg-logrotator/app/schedule/clean_log.js
2019-07-25 12:32:46,444 INFO 14949 [egg-schedule]: register schedule /Users/Lee/Desktop/javascript_re/eggdemo/node_modules/egg-logrotator/app/schedule/rotate_by_file.js
2019-07-25 12:33:12,275 INFO 14964 [Timer] /Users/Lee/Desktop/javascript_re/eggdemo/node_modules/egg-multipart/app/schedule/clean_tmpdir.js next time will execute after 57407728ms at 2019-07-26 04:30:00.003
2019-07-25 12:33:12,275 INFO 14964 [Timer] /Users/Lee/Desktop/javascript_re/eggdemo/node_modules/egg-logrotator/app/schedule/clean_log.js next time will execute after 41207725ms at 2019-07-26 00:00:00.000
2019-07-25 12:33:12,276 INFO 14964 [Timer] /Users/Lee/Desktop/javascript_re/eggdemo/node_modules/egg-logrotator/app/schedule/rotate_by_file.js next time will execute after 41208725ms at 2019-07-26 00:00:01.001
2019-07-25 12:33:12,159 INFO 14966 [egg-schedule]: register schedule /Users/Lee/Desktop/javascript_re/eggdemo/node_modules/egg-multipart/app/schedule/clean_tmpdir.js
2019-07-25 12:33:12,159 INFO 14966 [egg-schedule]: register schedule /Users/Lee/Desktop/javascript_re/eggdemo/node_modules/egg-logrotator/app/schedule/clean_log.js
2019-07-25 12:33:12,159 INFO 14966 [egg-schedule]: register schedule /Users/Lee/Desktop/javascript_re/eggdemo/node_modules/egg-logrotator/app/schedule/rotate_by_file.js
2019-07-25 12:34:03,053 INFO 14985 [egg-schedule]: register schedule /Users/Lee/Desktop/javascript_re/eggdemo/node_modules/egg-multipart/app/schedule/clean_tmpdir.js
2019-07-25 12:34:03,053 INFO 14985 [egg-schedule]: register schedule /Users/Lee/Desktop/javascript_re/eggdemo/node_modules/egg-logrotator/app/schedule/clean_log.js
2019-07-25 12:34:03,053 INFO 14985 [egg-schedule]: register schedule /Users/Lee/Desktop/javascript_re/eggdemo/node_modules/egg-logrotator/app/schedule/rotate_by_file.js
2019-07-25 12:34:13,085 INFO 14994 [Timer] /Users/Lee/Desktop/javascript_re/eggdemo/node_modules/egg-multipart/app/schedule/clean_tmpdir.js next time will execute after 57346918ms at 2019-07-26 04:30:00.003
2019-07-25 12:34:13,086 INFO 14994 [Timer] /Users/Lee/Desktop/javascript_re/eggdemo/node_modules/egg-logrotator/app/schedule/clean_log.js next time will execute after 41146915ms at 2019-07-26 00:00:00.001
2019-07-25 12:34:13,086 INFO 14994 [Timer] /Users/Lee/Desktop/javascript_re/eggdemo/node_modules/egg-logrotator/app/schedule/rotate_by_file.js next time will execute after 41147914ms at 2019-07-26 00:00:01.000
2019-07-25 12:34:12,968 INFO 14995 [egg-schedule]: register schedule /Users/Lee/Desktop/javascript_re/eggdemo/node_modules/egg-multipart/app/schedule/clean_tmpdir.js
2019-07-25 12:34:12,968 INFO 14995 [egg-schedule]: register schedule /Users/Lee/Desktop/javascript_re/eggdemo/node_modules/egg-logrotator/app/schedule/clean_log.js
2019-07-25 12:34:12,968 INFO 14995 [egg-schedule]: register schedule /Users/Lee/Desktop/javascript_re/eggdemo/node_modules/egg-logrotator/app/schedule/rotate_by_file.js
2019-07-25 12:34:45,517 INFO 15007 [egg-schedule]: register schedule /Users/Lee/Desktop/javascript_re/eggdemo/node_modules/egg-multipart/app/schedule/clean_tmpdir.js
2019-07-25 12:34:45,517 INFO 15007 [egg-schedule]: register schedule /Users/Lee/Desktop/javascript_re/eggdemo/node_modules/egg-logrotator/app/schedule/clean_log.js
2019-07-25 12:34:45,517 INFO 15007 [egg-schedule]: register schedule /Users/Lee/Desktop/javascript_re/eggdemo/node_modules/egg-logrotator/app/schedule/rotate_by_file.js
2019-07-25 14:08:44,647 INFO 16952 [egg-schedule]: register schedule /Users/Lee/Desktop/javascript_re/eggdemo/node_modules/egg-multipart/app/schedule/clean_tmpdir.js
2019-07-25 14:08:44,648 INFO 16952 [egg-schedule]: register schedule /Users/Lee/Desktop/javascript_re/eggdemo/node_modules/egg-logrotator/app/schedule/clean_log.js
2019-07-25 14:08:44,648 INFO 16952 [egg-schedule]: register schedule /Users/Lee/Desktop/javascript_re/eggdemo/node_modules/egg-logrotator/app/schedule/rotate_by_file.js
2019-07-25 15:02:26,410 INFO 18062 [egg-schedule]: register schedule /Users/Lee/Desktop/javascript_re/eggdemo/node_modules/egg-multipart/app/schedule/clean_tmpdir.js
2019-07-25 15:02:26,410 INFO 18062 [egg-schedule]: register schedule /Users/Lee/Desktop/javascript_re/eggdemo/node_modules/egg-logrotator/app/schedule/clean_log.js
2019-07-25 15:02:26,410 INFO 18062 [egg-schedule]: register schedule /Users/Lee/Desktop/javascript_re/eggdemo/node_modules/egg-logrotator/app/schedule/rotate_by_file.js
2019-07-25 15:02:41,646 INFO 18068 [egg-schedule]: register schedule /Users/Lee/Desktop/javascript_re/eggdemo/node_modules/egg-multipart/app/schedule/clean_tmpdir.js
2019-07-25 15:02:41,646 INFO 18068 [egg-schedule]: register schedule /Users/Lee/Desktop/javascript_re/eggdemo/node_modules/egg-logrotator/app/schedule/clean_log.js
2019-07-25 15:02:41,646 INFO 18068 [egg-schedule]: register schedule /Users/Lee/Desktop/javascript_re/eggdemo/node_modules/egg-logrotator/app/schedule/rotate_by_file.js
2019-07-25 17:17:30,113 INFO 20856 [egg-schedule]: register schedule /Users/Lee/Desktop/javascript_re/eggdemo/node_modules/egg-multipart/app/schedule/clean_tmpdir.js
2019-07-25 17:17:30,114 INFO 20856 [egg-schedule]: register schedule /Users/Lee/Desktop/javascript_re/eggdemo/node_modules/egg-logrotator/app/schedule/clean_log.js
2019-07-25 17:17:30,114 INFO 20856 [egg-schedule]: register schedule /Users/Lee/Desktop/javascript_re/eggdemo/node_modules/egg-logrotator/app/schedule/rotate_by_file.js
2019-07-25 17:18:07,578 INFO 20870 [egg-schedule]: register schedule /Users/Lee/Desktop/javascript_re/eggdemo/node_modules/egg-multipart/app/schedule/clean_tmpdir.js
2019-07-25 17:18:07,578 INFO 20870 [egg-schedule]: register schedule /Users/Lee/Desktop/javascript_re/eggdemo/node_modules/egg-logrotator/app/schedule/clean_log.js
2019-07-25 17:18:07,578 INFO 20870 [egg-schedule]: register schedule /Users/Lee/Desktop/javascript_re/eggdemo/node_modules/egg-logrotator/app/schedule/rotate_by_file.js
2019-07-25 17:19:00,231 INFO 20889 [egg-schedule]: register schedule /Users/Lee/Desktop/javascript_re/eggdemo/node_modules/egg-multipart/app/schedule/clean_tmpdir.js
2019-07-25 17:19:00,231 INFO 20889 [egg-schedule]: register schedule /Users/Lee/Desktop/javascript_re/eggdemo/node_modules/egg-logrotator/app/schedule/clean_log.js
2019-07-25 17:19:00,231 INFO 20889 [egg-schedule]: register schedule /Users/Lee/Desktop/javascript_re/eggdemo/node_modules/egg-logrotator/app/schedule/rotate_by_file.js
2019-07-25 17:19:25,745 INFO 20897 [egg-schedule]: register schedule /Users/Lee/Desktop/javascript_re/eggdemo/node_modules/egg-multipart/app/schedule/clean_tmpdir.js
2019-07-25 17:19:25,745 INFO 20897 [egg-schedule]: register schedule /Users/Lee/Desktop/javascript_re/eggdemo/node_modules/egg-logrotator/app/schedule/clean_log.js
2019-07-25 17:19:25,745 INFO 20897 [egg-schedule]: register schedule /Users/Lee/Desktop/javascript_re/eggdemo/node_modules/egg-logrotator/app/schedule/rotate_by_file.js
2019-07-25 17:19:35,752 INFO 20901 [egg-schedule]: register schedule /Users/Lee/Desktop/javascript_re/eggdemo/node_modules/egg-multipart/app/schedule/clean_tmpdir.js
2019-07-25 17:19:35,752 INFO 20901 [egg-schedule]: register schedule /Users/Lee/Desktop/javascript_re/eggdemo/node_modules/egg-logrotator/app/schedule/clean_log.js
2019-07-25 17:19:35,752 INFO 20901 [egg-schedule]: register schedule /Users/Lee/Desktop/javascript_re/eggdemo/node_modules/egg-logrotator/app/schedule/rotate_by_file.js
2019-07-25 17:19:46,560 INFO 20905 [egg-schedule]: register schedule /Users/Lee/Desktop/javascript_re/eggdemo/node_modules/egg-multipart/app/schedule/clean_tmpdir.js
2019-07-25 17:19:46,560 INFO 20905 [egg-schedule]: register schedule /Users/Lee/Desktop/javascript_re/eggdemo/node_modules/egg-logrotator/app/schedule/clean_log.js
2019-07-25 17:19:46,560 INFO 20905 [egg-schedule]: register schedule /Users/Lee/Desktop/javascript_re/eggdemo/node_modules/egg-logrotator/app/schedule/rotate_by_file.js
2019-07-25 17:20:13,449 INFO 20918 [egg-schedule]: register schedule /Users/Lee/Desktop/javascript_re/eggdemo/node_modules/egg-multipart/app/schedule/clean_tmpdir.js
2019-07-25 17:20:13,449 INFO 20918 [egg-schedule]: register schedule /Users/Lee/Desktop/javascript_re/eggdemo/node_modules/egg-logrotator/app/schedule/clean_log.js
2019-07-25 17:20:13,449 INFO 20918 [egg-schedule]: register schedule /Users/Lee/Desktop/javascript_re/eggdemo/node_modules/egg-logrotator/app/schedule/rotate_by_file.js
2019-07-25 17:20:19,000 INFO 20921 [egg-schedule]: register schedule /Users/Lee/Desktop/javascript_re/eggdemo/node_modules/egg-multipart/app/schedule/clean_tmpdir.js
2019-07-25 17:20:19,000 INFO 20921 [egg-schedule]: register schedule /Users/Lee/Desktop/javascript_re/eggdemo/node_modules/egg-logrotator/app/schedule/clean_log.js
2019-07-25 17:20:19,000 INFO 20921 [egg-schedule]: register schedule /Users/Lee/Desktop/javascript_re/eggdemo/node_modules/egg-logrotator/app/schedule/rotate_by_file.js
2019-07-25 17:20:30,905 INFO 20926 [egg-schedule]: register schedule /Users/Lee/Desktop/javascript_re/eggdemo/node_modules/egg-multipart/app/schedule/clean_tmpdir.js
2019-07-25 17:20:30,905 INFO 20926 [egg-schedule]: register schedule /Users/Lee/Desktop/javascript_re/eggdemo/node_modules/egg-logrotator/app/schedule/clean_log.js
2019-07-25 17:20:30,905 INFO 20926 [egg-schedule]: register schedule /Users/Lee/Desktop/javascript_re/eggdemo/node_modules/egg-logrotator/app/schedule/rotate_by_file.js
2019-07-25 18:00:40,789 INFO 21774 [egg-schedule]: register schedule /Users/Lee/Desktop/javascript_re/eggdemo/node_modules/egg-multipart/app/schedule/clean_tmpdir.js
2019-07-25 18:00:40,789 INFO 21774 [egg-schedule]: register schedule /Users/Lee/Desktop/javascript_re/eggdemo/node_modules/egg-logrotator/app/schedule/clean_log.js
2019-07-25 18:00:40,790 INFO 21774 [egg-schedule]: register schedule /Users/Lee/Desktop/javascript_re/eggdemo/node_modules/egg-logrotator/app/schedule/rotate_by_file.js
2019-07-25 18:03:57,961 INFO 21851 [egg-schedule]: register schedule /Users/Lee/Desktop/javascript_re/eggdemo/node_modules/egg-multipart/app/schedule/clean_tmpdir.js
2019-07-25 18:03:57,961 INFO 21851 [egg-schedule]: register schedule /Users/Lee/Desktop/javascript_re/eggdemo/node_modules/egg-logrotator/app/schedule/clean_log.js
2019-07-25 18:03:57,961 INFO 21851 [egg-schedule]: register schedule /Users/Lee/Desktop/javascript_re/eggdemo/node_modules/egg-logrotator/app/schedule/rotate_by_file.js
2019-07-25 18:04:16,691 INFO 21858 [egg-schedule]: register schedule /Users/Lee/Desktop/javascript_re/eggdemo/node_modules/egg-multipart/app/schedule/clean_tmpdir.js
2019-07-25 18:04:16,691 INFO 21858 [egg-schedule]: register schedule /Users/Lee/Desktop/javascript_re/eggdemo/node_modules/egg-logrotator/app/schedule/clean_log.js
2019-07-25 18:04:16,691 INFO 21858 [egg-schedule]: register schedule /Users/Lee/Desktop/javascript_re/eggdemo/node_modules/egg-logrotator/app/schedule/rotate_by_file.js
2019-07-25 18:04:36,034 INFO 21865 [egg-schedule]: register schedule /Users/Lee/Desktop/javascript_re/eggdemo/node_modules/egg-multipart/app/schedule/clean_tmpdir.js
2019-07-25 18:04:36,034 INFO 21865 [egg-schedule]: register schedule /Users/Lee/Desktop/javascript_re/eggdemo/node_modules/egg-logrotator/app/schedule/clean_log.js
2019-07-25 18:04:36,034 INFO 21865 [egg-schedule]: register schedule /Users/Lee/Desktop/javascript_re/eggdemo/node_modules/egg-logrotator/app/schedule/rotate_by_file.js
2019-07-25 18:05:11,875 INFO 21877 [egg-schedule]: register schedule /Users/Lee/Desktop/javascript_re/eggdemo/node_modules/egg-multipart/app/schedule/clean_tmpdir.js
2019-07-25 18:05:11,875 INFO 21877 [egg-schedule]: register schedule /Users/Lee/Desktop/javascript_re/eggdemo/node_modules/egg-logrotator/app/schedule/clean_log.js
2019-07-25 18:05:11,875 INFO 21877 [egg-schedule]: register schedule /Users/Lee/Desktop/javascript_re/eggdemo/node_modules/egg-logrotator/app/schedule/rotate_by_file.js
2019-07-25 19:45:50,553 INFO 23949 [egg-schedule]: register schedule /Users/Lee/Desktop/javascript_re/eggdemo/node_modules/egg-multipart/app/schedule/clean_tmpdir.js
2019-07-25 19:45:50,554 INFO 23949 [egg-schedule]: register schedule /Users/Lee/Desktop/javascript_re/eggdemo/node_modules/egg-logrotator/app/schedule/clean_log.js
2019-07-25 19:45:50,554 INFO 23949 [egg-schedule]: register schedule /Users/Lee/Desktop/javascript_re/eggdemo/node_modules/egg-logrotator/app/schedule/rotate_by_file.js
2019-07-25 19:46:05,794 INFO 23954 [egg-schedule]: register schedule /Users/Lee/Desktop/javascript_re/eggdemo/node_modules/egg-multipart/app/schedule/clean_tmpdir.js
2019-07-25 19:46:05,794 INFO 23954 [egg-schedule]: register schedule /Users/Lee/Desktop/javascript_re/eggdemo/node_modules/egg-logrotator/app/schedule/clean_log.js
2019-07-25 19:46:05,794 INFO 23954 [egg-schedule]: register schedule /Users/Lee/Desktop/javascript_re/eggdemo/node_modules/egg-logrotator/app/schedule/rotate_by_file.js
2019-07-25 19:47:14,088 INFO 23986 [egg-schedule]: register schedule /Users/Lee/Desktop/javascript_re/eggdemo/node_modules/egg-multipart/app/schedule/clean_tmpdir.js
2019-07-25 19:47:14,088 INFO 23986 [egg-schedule]: register schedule /Users/Lee/Desktop/javascript_re/eggdemo/node_modules/egg-logrotator/app/schedule/clean_log.js
2019-07-25 19:47:14,088 INFO 23986 [egg-schedule]: register schedule /Users/Lee/Desktop/javascript_re/eggdemo/node_modules/egg-logrotator/app/schedule/rotate_by_file.js
2019-07-25 19:47:14,248 INFO 23985 [Timer] /Users/Lee/Desktop/javascript_re/eggdemo/node_modules/egg-multipart/app/schedule/clean_tmpdir.js next time will execute after 31365756ms at 2019-07-26 04:30:00.004
2019-07-25 19:47:14,248 INFO 23985 [Timer] /Users/Lee/Desktop/javascript_re/eggdemo/node_modules/egg-logrotator/app/schedule/clean_log.js next time will execute after 15165752ms at 2019-07-26 00:00:00.000
2019-07-25 19:47:14,249 INFO 23985 [Timer] /Users/Lee/Desktop/javascript_re/eggdemo/node_modules/egg-logrotator/app/schedule/rotate_by_file.js next time will execute after 15166752ms at 2019-07-26 00:00:01.001
2019-07-25 19:48:35,924 INFO 24014 [egg-schedule]: register schedule /Users/Lee/Desktop/javascript_re/eggdemo/node_modules/egg-multipart/app/schedule/clean_tmpdir.js
2019-07-25 19:48:35,924 INFO 24014 [egg-schedule]: register schedule /Users/Lee/Desktop/javascript_re/eggdemo/node_modules/egg-logrotator/app/schedule/clean_log.js
2019-07-25 19:48:35,924 INFO 24014 [egg-schedule]: register schedule /Users/Lee/Desktop/javascript_re/eggdemo/node_modules/egg-logrotator/app/schedule/rotate_by_file.js
2019-07-25 19:50:44,869 INFO 24063 [egg-schedule]: register schedule /Users/Lee/Desktop/javascript_re/eggdemo/node_modules/egg-multipart/app/schedule/clean_tmpdir.js
2019-07-25 19:50:44,869 INFO 24063 [egg-schedule]: register schedule /Users/Lee/Desktop/javascript_re/eggdemo/node_modules/egg-logrotator/app/schedule/clean_log.js
2019-07-25 19:50:44,869 INFO 24063 [egg-schedule]: register schedule /Users/Lee/Desktop/javascript_re/eggdemo/node_modules/egg-logrotator/app/schedule/rotate_by_file.js
2019-07-25 19:51:44,954 INFO 24083 [egg-schedule]: register schedule /Users/Lee/Desktop/javascript_re/eggdemo/node_modules/egg-multipart/app/schedule/clean_tmpdir.js
2019-07-25 19:51:44,954 INFO 24083 [egg-schedule]: register schedule /Users/Lee/Desktop/javascript_re/eggdemo/node_modules/egg-logrotator/app/schedule/clean_log.js
2019-07-25 19:51:44,954 INFO 24083 [egg-schedule]: register schedule /Users/Lee/Desktop/javascript_re/eggdemo/node_modules/egg-logrotator/app/schedule/rotate_by_file.js
2019-07-25 19:51:49,287 INFO 24086 [egg-schedule]: register schedule /Users/Lee/Desktop/javascript_re/eggdemo/node_modules/egg-multipart/app/schedule/clean_tmpdir.js
2019-07-25 19:51:49,287 INFO 24086 [egg-schedule]: register schedule /Users/Lee/Desktop/javascript_re/eggdemo/node_modules/egg-logrotator/app/schedule/clean_log.js
2019-07-25 19:51:49,287 INFO 24086 [egg-schedule]: register schedule /Users/Lee/Desktop/javascript_re/eggdemo/node_modules/egg-logrotator/app/schedule/rotate_by_file.js
2019-07-25 19:52:37,194 INFO 24101 [egg-schedule]: register schedule /Users/Lee/Desktop/javascript_re/eggdemo/node_modules/egg-multipart/app/schedule/clean_tmpdir.js
2019-07-25 19:52:37,194 INFO 24101 [egg-schedule]: register schedule /Users/Lee/Desktop/javascript_re/eggdemo/node_modules/egg-logrotator/app/schedule/clean_log.js
2019-07-25 19:52:37,194 INFO 24101 [egg-schedule]: register schedule /Users/Lee/Desktop/javascript_re/eggdemo/node_modules/egg-logrotator/app/schedule/rotate_by_file.js
2019-07-25 19:52:49,559 INFO 24108 [egg-schedule]: register schedule /Users/Lee/Desktop/javascript_re/eggdemo/node_modules/egg-multipart/app/schedule/clean_tmpdir.js
2019-07-25 19:52:49,559 INFO 24108 [egg-schedule]: register schedule /Users/Lee/Desktop/javascript_re/eggdemo/node_modules/egg-logrotator/app/schedule/clean_log.js
2019-07-25 19:52:49,559 INFO 24108 [egg-schedule]: register schedule /Users/Lee/Desktop/javascript_re/eggdemo/node_modules/egg-logrotator/app/schedule/rotate_by_file.js
2019-07-25 19:52:50,400 INFO 24109 [egg-schedule]: register schedule /Users/Lee/Desktop/javascript_re/eggdemo/node_modules/egg-multipart/app/schedule/clean_tmpdir.js
2019-07-25 19:52:50,400 INFO 24109 [egg-schedule]: register schedule /Users/Lee/Desktop/javascript_re/eggdemo/node_modules/egg-logrotator/app/schedule/clean_log.js
2019-07-25 19:52:50,400 INFO 24109 [egg-schedule]: register schedule /Users/Lee/Desktop/javascript_re/eggdemo/node_modules/egg-logrotator/app/schedule/rotate_by_file.js
2019-07-25 19:53:29,583 INFO 24123 [egg-schedule]: register schedule /Users/Lee/Desktop/javascript_re/eggdemo/node_modules/egg-multipart/app/schedule/clean_tmpdir.js
2019-07-25 19:53:29,583 INFO 24123 [egg-schedule]: register schedule /Users/Lee/Desktop/javascript_re/eggdemo/node_modules/egg-logrotator/app/schedule/clean_log.js
2019-07-25 19:53:29,583 INFO 24123 [egg-schedule]: register schedule /Users/Lee/Desktop/javascript_re/eggdemo/node_modules/egg-logrotator/app/schedule/rotate_by_file.js
2019-07-25 19:53:39,359 INFO 24125 [egg-schedule]: register schedule /Users/Lee/Desktop/javascript_re/eggdemo/node_modules/egg-multipart/app/schedule/clean_tmpdir.js
2019-07-25 19:53:39,359 INFO 24125 [egg-schedule]: register schedule /Users/Lee/Desktop/javascript_re/eggdemo/node_modules/egg-logrotator/app/schedule/clean_log.js
2019-07-25 19:53:39,359 INFO 24125 [egg-schedule]: register schedule /Users/Lee/Desktop/javascript_re/eggdemo/node_modules/egg-logrotator/app/schedule/rotate_by_file.js
2019-07-25 22:10:21,181 INFO 28253 [egg-schedule]: register schedule /Users/Lee/Desktop/javascript_re/eggdemo/node_modules/egg-multipart/app/schedule/clean_tmpdir.js
2019-07-25 22:10:21,181 INFO 28253 [egg-schedule]: register schedule /Users/Lee/Desktop/javascript_re/eggdemo/node_modules/egg-logrotator/app/schedule/clean_log.js
2019-07-25 22:10:21,181 INFO 28253 [egg-schedule]: register schedule /Users/Lee/Desktop/javascript_re/eggdemo/node_modules/egg-logrotator/app/schedule/rotate_by_file.js
2019-07-25 22:10:28,155 INFO 28258 [egg-schedule]: register schedule /Users/Lee/Desktop/javascript_re/eggdemo/node_modules/egg-multipart/app/schedule/clean_tmpdir.js
2019-07-25 22:10:28,155 INFO 28258 [egg-schedule]: register schedule /Users/Lee/Desktop/javascript_re/eggdemo/node_modules/egg-logrotator/app/schedule/clean_log.js
2019-07-25 22:10:28,155 INFO 28258 [egg-schedule]: register schedule /Users/Lee/Desktop/javascript_re/eggdemo/node_modules/egg-logrotator/app/schedule/rotate_by_file.js
2019-07-25 22:12:26,220 INFO 28302 [egg-schedule]: register schedule /Users/Lee/Desktop/javascript_re/eggdemo/node_modules/egg-multipart/app/schedule/clean_tmpdir.js
2019-07-25 22:12:26,220 INFO 28302 [egg-schedule]: register schedule /Users/Lee/Desktop/javascript_re/eggdemo/node_modules/egg-logrotator/app/schedule/clean_log.js
2019-07-25 22:12:26,220 INFO 28302 [egg-schedule]: register schedule /Users/Lee/Desktop/javascript_re/eggdemo/node_modules/egg-logrotator/app/schedule/rotate_by_file.js
2019-07-25 22:12:26,370 INFO 28300 [Timer] /Users/Lee/Desktop/javascript_re/eggdemo/node_modules/egg-multipart/app/schedule/clean_tmpdir.js next time will execute after 22653633ms at 2019-07-26 04:30:00.003
2019-07-25 22:12:26,370 INFO 28300 [Timer] /Users/Lee/Desktop/javascript_re/eggdemo/node_modules/egg-logrotator/app/schedule/clean_log.js next time will execute after 6453630ms at 2019-07-26 00:00:00.000
2019-07-25 22:12:26,370 INFO 28300 [Timer] /Users/Lee/Desktop/javascript_re/eggdemo/node_modules/egg-logrotator/app/schedule/rotate_by_file.js next time will execute after 6454630ms at 2019-07-26 00:00:01.000
2019-07-25 22:12:53,433 INFO 28313 [egg-schedule]: register schedule /Users/Lee/Desktop/javascript_re/eggdemo/node_modules/egg-multipart/app/schedule/clean_tmpdir.js
2019-07-25 22:12:53,433 INFO 28313 [egg-schedule]: register schedule /Users/Lee/Desktop/javascript_re/eggdemo/node_modules/egg-logrotator/app/schedule/clean_log.js
2019-07-25 22:12:53,433 INFO 28313 [egg-schedule]: register schedule /Users/Lee/Desktop/javascript_re/eggdemo/node_modules/egg-logrotator/app/schedule/rotate_by_file.js
2019-07-26 15:37:17,295 INFO 52890 [egg-schedule]: register schedule /Users/Lee/Desktop/javascript_re/eggdemo/node_modules/egg-multipart/app/schedule/clean_tmpdir.js
2019-07-26 15:37:17,295 INFO 52890 [egg-schedule]: register schedule /Users/Lee/Desktop/javascript_re/eggdemo/node_modules/egg-logrotator/app/schedule/clean_log.js
2019-07-26 15:37:17,296 INFO 52890 [egg-schedule]: register schedule /Users/Lee/Desktop/javascript_re/eggdemo/node_modules/egg-logrotator/app/schedule/rotate_by_file.js
2019-07-26 15:37:17,451 INFO 52889 [Timer] /Users/Lee/Desktop/javascript_re/eggdemo/node_modules/egg-multipart/app/schedule/clean_tmpdir.js next time will execute after 46362552ms at 2019-07-27 04:30:00.003
2019-07-26 15:37:17,451 INFO 52889 [Timer] /Users/Lee/Desktop/javascript_re/eggdemo/node_modules/egg-logrotator/app/schedule/clean_log.js next time will execute after 30162549ms at 2019-07-27 00:00:00.000
2019-07-26 15:37:17,452 INFO 52889 [Timer] /Users/Lee/Desktop/javascript_re/eggdemo/node_modules/egg-logrotator/app/schedule/rotate_by_file.js next time will execute after 30163548ms at 2019-07-27 00:00:01.000
2019-07-26 15:38:05,296 INFO 52908 [egg-schedule]: register schedule /Users/Lee/Desktop/javascript_re/eggdemo/node_modules/egg-multipart/app/schedule/clean_tmpdir.js
2019-07-26 15:38:05,296 INFO 52908 [egg-schedule]: register schedule /Users/Lee/Desktop/javascript_re/eggdemo/node_modules/egg-logrotator/app/schedule/clean_log.js
2019-07-26 15:38:05,296 INFO 52908 [egg-schedule]: register schedule /Users/Lee/Desktop/javascript_re/eggdemo/node_modules/egg-logrotator/app/schedule/rotate_by_file.js
2019-07-26 15:38:39,072 INFO 52922 [egg-schedule]: register schedule /Users/Lee/Desktop/javascript_re/eggdemo/node_modules/egg-multipart/app/schedule/clean_tmpdir.js
2019-07-26 15:38:39,072 INFO 52922 [egg-schedule]: register schedule /Users/Lee/Desktop/javascript_re/eggdemo/node_modules/egg-logrotator/app/schedule/clean_log.js
2019-07-26 15:38:39,072 INFO 52922 [egg-schedule]: register schedule /Users/Lee/Desktop/javascript_re/eggdemo/node_modules/egg-logrotator/app/schedule/rotate_by_file.js
2019-07-26 15:39:12,342 INFO 52934 [egg-schedule]: register schedule /Users/Lee/Desktop/javascript_re/eggdemo/node_modules/egg-multipart/app/schedule/clean_tmpdir.js
2019-07-26 15:39:12,342 INFO 52934 [egg-schedule]: register schedule /Users/Lee/Desktop/javascript_re/eggdemo/node_modules/egg-logrotator/app/schedule/clean_log.js
2019-07-26 15:39:12,342 INFO 52934 [egg-schedule]: register schedule /Users/Lee/Desktop/javascript_re/eggdemo/node_modules/egg-logrotator/app/schedule/rotate_by_file.js
2019-07-26 15:39:40,897 INFO 52943 [egg-schedule]: register schedule /Users/Lee/Desktop/javascript_re/eggdemo/node_modules/egg-multipart/app/schedule/clean_tmpdir.js
2019-07-26 15:39:40,897 INFO 52943 [egg-schedule]: register schedule /Users/Lee/Desktop/javascript_re/eggdemo/node_modules/egg-logrotator/app/schedule/clean_log.js
2019-07-26 15:39:40,897 INFO 52943 [egg-schedule]: register schedule /Users/Lee/Desktop/javascript_re/eggdemo/node_modules/egg-logrotator/app/schedule/rotate_by_file.js
2019-07-26 15:40:54,149 INFO 52967 [egg-schedule]: register schedule /Users/Lee/Desktop/javascript_re/eggdemo/node_modules/egg-multipart/app/schedule/clean_tmpdir.js
2019-07-26 15:40:54,149 INFO 52967 [egg-schedule]: register schedule /Users/Lee/Desktop/javascript_re/eggdemo/node_modules/egg-logrotator/app/schedule/clean_log.js
2019-07-26 15:40:54,149 INFO 52967 [egg-schedule]: register schedule /Users/Lee/Desktop/javascript_re/eggdemo/node_modules/egg-logrotator/app/schedule/rotate_by_file.js
2019-07-26 15:41:28,546 INFO 52979 [egg-schedule]: register schedule /Users/Lee/Desktop/javascript_re/eggdemo/node_modules/egg-multipart/app/schedule/clean_tmpdir.js
2019-07-26 15:41:28,546 INFO 52979 [egg-schedule]: register schedule /Users/Lee/Desktop/javascript_re/eggdemo/node_modules/egg-logrotator/app/schedule/clean_log.js
2019-07-26 15:41:28,546 INFO 52979 [egg-schedule]: register schedule /Users/Lee/Desktop/javascript_re/eggdemo/node_modules/egg-logrotator/app/schedule/rotate_by_file.js
2019-07-26 15:41:38,042 INFO 52983 [egg-schedule]: register schedule /Users/Lee/Desktop/javascript_re/eggdemo/node_modules/egg-multipart/app/schedule/clean_tmpdir.js
2019-07-26 15:41:38,042 INFO 52983 [egg-schedule]: register schedule /Users/Lee/Desktop/javascript_re/eggdemo/node_modules/egg-logrotator/app/schedule/clean_log.js
2019-07-26 15:41:38,042 INFO 52983 [egg-schedule]: register schedule /Users/Lee/Desktop/javascript_re/eggdemo/node_modules/egg-logrotator/app/schedule/rotate_by_file.js
2019-07-26 15:41:38,951 INFO 52984 [egg-schedule]: register schedule /Users/Lee/Desktop/javascript_re/eggdemo/node_modules/egg-multipart/app/schedule/clean_tmpdir.js
2019-07-26 15:41:38,951 INFO 52984 [egg-schedule]: register schedule /Users/Lee/Desktop/javascript_re/eggdemo/node_modules/egg-logrotator/app/schedule/clean_log.js
2019-07-26 15:41:38,951 INFO 52984 [egg-schedule]: register schedule /Users/Lee/Desktop/javascript_re/eggdemo/node_modules/egg-logrotator/app/schedule/rotate_by_file.js
2019-07-26 15:42:58,201 INFO 53016 [egg-schedule]: register schedule /Users/Lee/Desktop/javascript_re/eggdemo/node_modules/egg-multipart/app/schedule/clean_tmpdir.js
2019-07-26 15:42:58,201 INFO 53016 [egg-schedule]: register schedule /Users/Lee/Desktop/javascript_re/eggdemo/node_modules/egg-logrotator/app/schedule/clean_log.js
2019-07-26 15:42:58,201 INFO 53016 [egg-schedule]: register schedule /Users/Lee/Desktop/javascript_re/eggdemo/node_modules/egg-logrotator/app/schedule/rotate_by_file.js
2019-07-26 15:44:21,378 INFO 53043 [egg-schedule]: register schedule /Users/Lee/Desktop/javascript_re/eggdemo/node_modules/egg-multipart/app/schedule/clean_tmpdir.js
2019-07-26 15:44:21,378 INFO 53043 [egg-schedule]: register schedule /Users/Lee/Desktop/javascript_re/eggdemo/node_modules/egg-logrotator/app/schedule/clean_log.js
2019-07-26 15:44:21,378 INFO 53043 [egg-schedule]: register schedule /Users/Lee/Desktop/javascript_re/eggdemo/node_modules/egg-logrotator/app/schedule/rotate_by_file.js
2019-07-26 15:44:30,744 INFO 53053 [Timer] /Users/Lee/Desktop/javascript_re/eggdemo/node_modules/egg-multipart/app/schedule/clean_tmpdir.js next time will execute after 45929259ms at 2019-07-27 04:30:00.003
2019-07-26 15:44:30,744 INFO 53053 [Timer] /Users/Lee/Desktop/javascript_re/eggdemo/node_modules/egg-logrotator/app/schedule/clean_log.js next time will execute after 29729256ms at 2019-07-27 00:00:00.000
2019-07-26 15:44:30,745 INFO 53053 [Timer] /Users/Lee/Desktop/javascript_re/eggdemo/node_modules/egg-logrotator/app/schedule/rotate_by_file.js next time will execute after 29730256ms at 2019-07-27 00:00:01.001
2019-07-26 15:44:30,631 INFO 53054 [egg-schedule]: register schedule /Users/Lee/Desktop/javascript_re/eggdemo/node_modules/egg-multipart/app/schedule/clean_tmpdir.js
2019-07-26 15:44:30,631 INFO 53054 [egg-schedule]: register schedule /Users/Lee/Desktop/javascript_re/eggdemo/node_modules/egg-logrotator/app/schedule/clean_log.js
2019-07-26 15:44:30,631 INFO 53054 [egg-schedule]: register schedule /Users/Lee/Desktop/javascript_re/eggdemo/node_modules/egg-logrotator/app/schedule/rotate_by_file.js
2019-07-26 15:45:01,167 INFO 53064 [egg-schedule]: register schedule /Users/Lee/Desktop/javascript_re/eggdemo/node_modules/egg-multipart/app/schedule/clean_tmpdir.js
2019-07-26 15:45:01,167 INFO 53064 [egg-schedule]: register schedule /Users/Lee/Desktop/javascript_re/eggdemo/node_modules/egg-logrotator/app/schedule/clean_log.js
2019-07-26 15:45:01,167 INFO 53064 [egg-schedule]: register schedule /Users/Lee/Desktop/javascript_re/eggdemo/node_modules/egg-logrotator/app/schedule/rotate_by_file.js
2019-07-26 15:48:44,328 INFO 53143 [egg-schedule]: register schedule /Users/Lee/Desktop/javascript_re/eggdemo/node_modules/egg-multipart/app/schedule/clean_tmpdir.js
2019-07-26 15:48:44,328 INFO 53143 [egg-schedule]: register schedule /Users/Lee/Desktop/javascript_re/eggdemo/node_modules/egg-logrotator/app/schedule/clean_log.js
2019-07-26 15:48:44,328 INFO 53143 [egg-schedule]: register schedule /Users/Lee/Desktop/javascript_re/eggdemo/node_modules/egg-logrotator/app/schedule/rotate_by_file.js
2019-07-26 15:49:44,700 INFO 53167 [egg-schedule]: register schedule /Users/Lee/Desktop/javascript_re/eggdemo/node_modules/egg-multipart/app/schedule/clean_tmpdir.js
2019-07-26 15:49:44,700 INFO 53167 [egg-schedule]: register schedule /Users/Lee/Desktop/javascript_re/eggdemo/node_modules/egg-logrotator/app/schedule/clean_log.js
2019-07-26 15:49:44,700 INFO 53167 [egg-schedule]: register schedule /Users/Lee/Desktop/javascript_re/eggdemo/node_modules/egg-logrotator/app/schedule/rotate_by_file.js
2019-07-26 15:50:03,949 INFO 53174 [egg-schedule]: register schedule /Users/Lee/Desktop/javascript_re/eggdemo/node_modules/egg-multipart/app/schedule/clean_tmpdir.js
2019-07-26 15:50:03,949 INFO 53174 [egg-schedule]: register schedule /Users/Lee/Desktop/javascript_re/eggdemo/node_modules/egg-logrotator/app/schedule/clean_log.js
2019-07-26 15:50:03,949 INFO 53174 [egg-schedule]: register schedule /Users/Lee/Desktop/javascript_re/eggdemo/node_modules/egg-logrotator/app/schedule/rotate_by_file.js
2019-07-26 15:51:09,651 INFO 53196 [egg-schedule]: register schedule /Users/Lee/Desktop/javascript_re/eggdemo/node_modules/egg-multipart/app/schedule/clean_tmpdir.js
2019-07-26 15:51:09,651 INFO 53196 [egg-schedule]: register schedule /Users/Lee/Desktop/javascript_re/eggdemo/node_modules/egg-logrotator/app/schedule/clean_log.js
2019-07-26 15:51:09,651 INFO 53196 [egg-schedule]: register schedule /Users/Lee/Desktop/javascript_re/eggdemo/node_modules/egg-logrotator/app/schedule/rotate_by_file.js
2019-07-26 15:51:43,631 INFO 53206 [egg-schedule]: register schedule /Users/Lee/Desktop/javascript_re/eggdemo/node_modules/egg-multipart/app/schedule/clean_tmpdir.js
2019-07-26 15:51:43,631 INFO 53206 [egg-schedule]: register schedule /Users/Lee/Desktop/javascript_re/eggdemo/node_modules/egg-logrotator/app/schedule/clean_log.js
2019-07-26 15:51:43,631 INFO 53206 [egg-schedule]: register schedule /Users/Lee/Desktop/javascript_re/eggdemo/node_modules/egg-logrotator/app/schedule/rotate_by_file.js
2019-07-26 15:51:44,966 INFO 53208 [egg-schedule]: register schedule /Users/Lee/Desktop/javascript_re/eggdemo/node_modules/egg-multipart/app/schedule/clean_tmpdir.js
2019-07-26 15:51:44,966 INFO 53208 [egg-schedule]: register schedule /Users/Lee/Desktop/javascript_re/eggdemo/node_modules/egg-logrotator/app/schedule/clean_log.js
2019-07-26 15:51:44,966 INFO 53208 [egg-schedule]: register schedule /Users/Lee/Desktop/javascript_re/eggdemo/node_modules/egg-logrotator/app/schedule/rotate_by_file.js
2019-07-26 16:29:23,260 INFO 53978 [egg-schedule]: register schedule /Users/Lee/Desktop/javascript_re/eggdemo/node_modules/egg-multipart/app/schedule/clean_tmpdir.js
2019-07-26 16:29:23,260 INFO 53978 [egg-schedule]: register schedule /Users/Lee/Desktop/javascript_re/eggdemo/node_modules/egg-logrotator/app/schedule/clean_log.js
2019-07-26 16:29:23,260 INFO 53978 [egg-schedule]: register schedule /Users/Lee/Desktop/javascript_re/eggdemo/node_modules/egg-logrotator/app/schedule/rotate_by_file.js
2019-07-26 16:30:04,905 INFO 53992 [egg-schedule]: register schedule /Users/Lee/Desktop/javascript_re/eggdemo/node_modules/egg-multipart/app/schedule/clean_tmpdir.js
2019-07-26 16:30:04,905 INFO 53992 [egg-schedule]: register schedule /Users/Lee/Desktop/javascript_re/eggdemo/node_modules/egg-logrotator/app/schedule/clean_log.js
2019-07-26 16:30:04,905 INFO 53992 [egg-schedule]: register schedule /Users/Lee/Desktop/javascript_re/eggdemo/node_modules/egg-logrotator/app/schedule/rotate_by_file.js
2019-07-26 16:30:17,278 INFO 53999 [egg-schedule]: register schedule /Users/Lee/Desktop/javascript_re/eggdemo/node_modules/egg-multipart/app/schedule/clean_tmpdir.js
2019-07-26 16:30:17,278 INFO 53999 [egg-schedule]: register schedule /Users/Lee/Desktop/javascript_re/eggdemo/node_modules/egg-logrotator/app/schedule/clean_log.js
2019-07-26 16:30:17,278 INFO 53999 [egg-schedule]: register schedule /Users/Lee/Desktop/javascript_re/eggdemo/node_modules/egg-logrotator/app/schedule/rotate_by_file.js
2019-07-26 16:30:18,628 INFO 54000 [egg-schedule]: register schedule /Users/Lee/Desktop/javascript_re/eggdemo/node_modules/egg-multipart/app/schedule/clean_tmpdir.js
2019-07-26 16:30:18,628 INFO 54000 [egg-schedule]: register schedule /Users/Lee/Desktop/javascript_re/eggdemo/node_modules/egg-logrotator/app/schedule/clean_log.js
2019-07-26 16:30:18,628 INFO 54000 [egg-schedule]: register schedule /Users/Lee/Desktop/javascript_re/eggdemo/node_modules/egg-logrotator/app/schedule/rotate_by_file.js
2019-07-26 16:30:44,956 INFO 54009 [egg-schedule]: register schedule /Users/Lee/Desktop/javascript_re/eggdemo/node_modules/egg-multipart/app/schedule/clean_tmpdir.js
2019-07-26 16:30:44,956 INFO 54009 [egg-schedule]: register schedule /Users/Lee/Desktop/javascript_re/eggdemo/node_modules/egg-logrotator/app/schedule/clean_log.js
2019-07-26 16:30:44,956 INFO 54009 [egg-schedule]: register schedule /Users/Lee/Desktop/javascript_re/eggdemo/node_modules/egg-logrotator/app/schedule/rotate_by_file.js
2019-07-26 16:31:13,425 INFO 54022 [egg-schedule]: register schedule /Users/Lee/Desktop/javascript_re/eggdemo/node_modules/egg-multipart/app/schedule/clean_tmpdir.js
2019-07-26 16:31:13,425 INFO 54022 [egg-schedule]: register schedule /Users/Lee/Desktop/javascript_re/eggdemo/node_modules/egg-logrotator/app/schedule/clean_log.js
2019-07-26 16:31:13,425 INFO 54022 [egg-schedule]: register schedule /Users/Lee/Desktop/javascript_re/eggdemo/node_modules/egg-logrotator/app/schedule/rotate_by_file.js
2019-07-26 16:31:39,721 INFO 54034 [egg-schedule]: register schedule /Users/Lee/Desktop/javascript_re/eggdemo/node_modules/egg-multipart/app/schedule/clean_tmpdir.js
2019-07-26 16:31:39,721 INFO 54034 [egg-schedule]: register schedule /Users/Lee/Desktop/javascript_re/eggdemo/node_modules/egg-logrotator/app/schedule/clean_log.js
2019-07-26 16:31:39,721 INFO 54034 [egg-schedule]: register schedule /Users/Lee/Desktop/javascript_re/eggdemo/node_modules/egg-logrotator/app/schedule/rotate_by_file.js
2019-07-26 16:31:42,074 INFO 54036 [egg-schedule]: register schedule /Users/Lee/Desktop/javascript_re/eggdemo/node_modules/egg-multipart/app/schedule/clean_tmpdir.js
2019-07-26 16:31:42,074 INFO 54036 [egg-schedule]: register schedule /Users/Lee/Desktop/javascript_re/eggdemo/node_modules/egg-logrotator/app/schedule/clean_log.js
2019-07-26 16:31:42,074 INFO 54036 [egg-schedule]: register schedule /Users/Lee/Desktop/javascript_re/eggdemo/node_modules/egg-logrotator/app/schedule/rotate_by_file.js
2019-07-26 16:32:36,581 INFO 54054 [egg-schedule]: register schedule /Users/Lee/Desktop/javascript_re/eggdemo/node_modules/egg-multipart/app/schedule/clean_tmpdir.js
2019-07-26 16:32:36,581 INFO 54054 [egg-schedule]: register schedule /Users/Lee/Desktop/javascript_re/eggdemo/node_modules/egg-logrotator/app/schedule/clean_log.js
2019-07-26 16:32:36,581 INFO 54054 [egg-schedule]: register schedule /Users/Lee/Desktop/javascript_re/eggdemo/node_modules/egg-logrotator/app/schedule/rotate_by_file.js
2019-07-26 16:34:52,957 INFO 54096 [egg-schedule]: register schedule /Users/Lee/Desktop/javascript_re/eggdemo/node_modules/egg-multipart/app/schedule/clean_tmpdir.js
2019-07-26 16:34:52,958 INFO 54096 [egg-schedule]: register schedule /Users/Lee/Desktop/javascript_re/eggdemo/node_modules/egg-logrotator/app/schedule/clean_log.js
2019-07-26 16:34:52,958 INFO 54096 [egg-schedule]: register schedule /Users/Lee/Desktop/javascript_re/eggdemo/node_modules/egg-logrotator/app/schedule/rotate_by_file.js
2019-07-26 17:02:00,383 INFO 54659 [egg-schedule]: register schedule /Users/Lee/Desktop/javascript_re/eggdemo/node_modules/egg-multipart/app/schedule/clean_tmpdir.js
2019-07-26 17:02:00,383 INFO 54659 [egg-schedule]: register schedule /Users/Lee/Desktop/javascript_re/eggdemo/node_modules/egg-logrotator/app/schedule/clean_log.js
2019-07-26 17:02:00,383 INFO 54659 [egg-schedule]: register schedule /Users/Lee/Desktop/javascript_re/eggdemo/node_modules/egg-logrotator/app/schedule/rotate_by_file.js
2019-07-26 17:03:05,896 INFO 54686 [egg-schedule]: register schedule /Users/Lee/Desktop/javascript_re/eggdemo/node_modules/egg-multipart/app/schedule/clean_tmpdir.js
2019-07-26 17:03:05,896 INFO 54686 [egg-schedule]: register schedule /Users/Lee/Desktop/javascript_re/eggdemo/node_modules/egg-logrotator/app/schedule/clean_log.js
2019-07-26 17:03:05,896 INFO 54686 [egg-schedule]: register schedule /Users/Lee/Desktop/javascript_re/eggdemo/node_modules/egg-logrotator/app/schedule/rotate_by_file.js
2019-07-26 17:03:12,357 INFO 54690 [egg-schedule]: register schedule /Users/Lee/Desktop/javascript_re/eggdemo/node_modules/egg-multipart/app/schedule/clean_tmpdir.js
2019-07-26 17:03:12,357 INFO 54690 [egg-schedule]: register schedule /Users/Lee/Desktop/javascript_re/eggdemo/node_modules/egg-logrotator/app/schedule/clean_log.js
2019-07-26 17:03:12,357 INFO 54690 [egg-schedule]: register schedule /Users/Lee/Desktop/javascript_re/eggdemo/node_modules/egg-logrotator/app/schedule/rotate_by_file.js
2019-07-26 17:03:13,958 INFO 54691 [egg-schedule]: register schedule /Users/Lee/Desktop/javascript_re/eggdemo/node_modules/egg-multipart/app/schedule/clean_tmpdir.js
2019-07-26 17:03:13,958 INFO 54691 [egg-schedule]: register schedule /Users/Lee/Desktop/javascript_re/eggdemo/node_modules/egg-logrotator/app/schedule/clean_log.js
2019-07-26 17:03:13,958 INFO 54691 [egg-schedule]: register schedule /Users/Lee/Desktop/javascript_re/eggdemo/node_modules/egg-logrotator/app/schedule/rotate_by_file.js
2019-07-26 17:03:21,546 INFO 54696 [egg-schedule]: register schedule /Users/Lee/Desktop/javascript_re/eggdemo/node_modules/egg-multipart/app/schedule/clean_tmpdir.js
2019-07-26 17:03:21,546 INFO 54696 [egg-schedule]: register schedule /Users/Lee/Desktop/javascript_re/eggdemo/node_modules/egg-logrotator/app/schedule/clean_log.js
2019-07-26 17:03:21,546 INFO 54696 [egg-schedule]: register schedule /Users/Lee/Desktop/javascript_re/eggdemo/node_modules/egg-logrotator/app/schedule/rotate_by_file.js
2019-07-26 17:03:46,235 INFO 54708 [egg-schedule]: register schedule /Users/Lee/Desktop/javascript_re/eggdemo/node_modules/egg-multipart/app/schedule/clean_tmpdir.js
2019-07-26 17:03:46,235 INFO 54708 [egg-schedule]: register schedule /Users/Lee/Desktop/javascript_re/eggdemo/node_modules/egg-logrotator/app/schedule/clean_log.js
2019-07-26 17:03:46,235 INFO 54708 [egg-schedule]: register schedule /Users/Lee/Desktop/javascript_re/eggdemo/node_modules/egg-logrotator/app/schedule/rotate_by_file.js
2019-07-26 17:04:02,275 INFO 54714 [egg-schedule]: register schedule /Users/Lee/Desktop/javascript_re/eggdemo/node_modules/egg-multipart/app/schedule/clean_tmpdir.js
2019-07-26 17:04:02,275 INFO 54714 [egg-schedule]: register schedule /Users/Lee/Desktop/javascript_re/eggdemo/node_modules/egg-logrotator/app/schedule/clean_log.js
2019-07-26 17:04:02,275 INFO 54714 [egg-schedule]: register schedule /Users/Lee/Desktop/javascript_re/eggdemo/node_modules/egg-logrotator/app/schedule/rotate_by_file.js
2019-07-26 17:06:38,351 INFO 54769 [egg-schedule]: register schedule /Users/Lee/Desktop/javascript_re/eggdemo/node_modules/egg-multipart/app/schedule/clean_tmpdir.js
2019-07-26 17:06:38,351 INFO 54769 [egg-schedule]: register schedule /Users/Lee/Desktop/javascript_re/eggdemo/node_modules/egg-logrotator/app/schedule/clean_log.js
2019-07-26 17:06:38,351 INFO 54769 [egg-schedule]: register schedule /Users/Lee/Desktop/javascript_re/eggdemo/node_modules/egg-logrotator/app/schedule/rotate_by_file.js
2019-07-26 17:07:01,560 INFO 54779 [egg-schedule]: register schedule /Users/Lee/Desktop/javascript_re/eggdemo/node_modules/egg-multipart/app/schedule/clean_tmpdir.js
2019-07-26 17:07:01,560 INFO 54779 [egg-schedule]: register schedule /Users/Lee/Desktop/javascript_re/eggdemo/node_modules/egg-logrotator/app/schedule/clean_log.js
2019-07-26 17:07:01,560 INFO 54779 [egg-schedule]: register schedule /Users/Lee/Desktop/javascript_re/eggdemo/node_modules/egg-logrotator/app/schedule/rotate_by_file.js
2019-07-26 17:07:14,287 INFO 54784 [egg-schedule]: register schedule /Users/Lee/Desktop/javascript_re/eggdemo/node_modules/egg-multipart/app/schedule/clean_tmpdir.js
2019-07-26 17:07:14,287 INFO 54784 [egg-schedule]: register schedule /Users/Lee/Desktop/javascript_re/eggdemo/node_modules/egg-logrotator/app/schedule/clean_log.js
2019-07-26 17:07:14,287 INFO 54784 [egg-schedule]: register schedule /Users/Lee/Desktop/javascript_re/eggdemo/node_modules/egg-logrotator/app/schedule/rotate_by_file.js
2019-07-26 17:07:23,897 INFO 54788 [egg-schedule]: register schedule /Users/Lee/Desktop/javascript_re/eggdemo/node_modules/egg-multipart/app/schedule/clean_tmpdir.js
2019-07-26 17:07:23,897 INFO 54788 [egg-schedule]: register schedule /Users/Lee/Desktop/javascript_re/eggdemo/node_modules/egg-logrotator/app/schedule/clean_log.js
2019-07-26 17:07:23,897 INFO 54788 [egg-schedule]: register schedule /Users/Lee/Desktop/javascript_re/eggdemo/node_modules/egg-logrotator/app/schedule/rotate_by_file.js
2019-07-26 17:08:17,748 INFO 54805 [egg-schedule]: register schedule /Users/Lee/Desktop/javascript_re/eggdemo/node_modules/egg-multipart/app/schedule/clean_tmpdir.js
2019-07-26 17:08:17,748 INFO 54805 [egg-schedule]: register schedule /Users/Lee/Desktop/javascript_re/eggdemo/node_modules/egg-logrotator/app/schedule/clean_log.js
2019-07-26 17:08:17,748 INFO 54805 [egg-schedule]: register schedule /Users/Lee/Desktop/javascript_re/eggdemo/node_modules/egg-logrotator/app/schedule/rotate_by_file.js
2019-07-26 17:09:14,143 INFO 54833 [egg-schedule]: register schedule /Users/Lee/Desktop/javascript_re/eggdemo/node_modules/egg-multipart/app/schedule/clean_tmpdir.js
2019-07-26 17:09:14,143 INFO 54833 [egg-schedule]: register schedule /Users/Lee/Desktop/javascript_re/eggdemo/node_modules/egg-logrotator/app/schedule/clean_log.js
2019-07-26 17:09:14,143 INFO 54833 [egg-schedule]: register schedule /Users/Lee/Desktop/javascript_re/eggdemo/node_modules/egg-logrotator/app/schedule/rotate_by_file.js
2019-07-26 17:10:02,361 INFO 54852 [egg-schedule]: register schedule /Users/Lee/Desktop/javascript_re/eggdemo/node_modules/egg-multipart/app/schedule/clean_tmpdir.js
2019-07-26 17:10:02,361 INFO 54852 [egg-schedule]: register schedule /Users/Lee/Desktop/javascript_re/eggdemo/node_modules/egg-logrotator/app/schedule/clean_log.js
2019-07-26 17:10:02,361 INFO 54852 [egg-schedule]: register schedule /Users/Lee/Desktop/javascript_re/eggdemo/node_modules/egg-logrotator/app/schedule/rotate_by_file.js
2019-07-26 17:10:38,647 INFO 54866 [egg-schedule]: register schedule /Users/Lee/Desktop/javascript_re/eggdemo/node_modules/egg-multipart/app/schedule/clean_tmpdir.js
2019-07-26 17:10:38,647 INFO 54866 [egg-schedule]: register schedule /Users/Lee/Desktop/javascript_re/eggdemo/node_modules/egg-logrotator/app/schedule/clean_log.js
2019-07-26 17:10:38,648 INFO 54866 [egg-schedule]: register schedule /Users/Lee/Desktop/javascript_re/eggdemo/node_modules/egg-logrotator/app/schedule/rotate_by_file.js
2019-07-26 17:10:40,634 INFO 54868 [egg-schedule]: register schedule /Users/Lee/Desktop/javascript_re/eggdemo/node_modules/egg-multipart/app/schedule/clean_tmpdir.js
2019-07-26 17:10:40,634 INFO 54868 [egg-schedule]: register schedule /Users/Lee/Desktop/javascript_re/eggdemo/node_modules/egg-logrotator/app/schedule/clean_log.js
2019-07-26 17:10:40,634 INFO 54868 [egg-schedule]: register schedule /Users/Lee/Desktop/javascript_re/eggdemo/node_modules/egg-logrotator/app/schedule/rotate_by_file.js
2019-07-26 17:11:48,282 INFO 54888 [egg-schedule]: register schedule /Users/Lee/Desktop/javascript_re/eggdemo/node_modules/egg-multipart/app/schedule/clean_tmpdir.js
2019-07-26 17:11:48,282 INFO 54888 [egg-schedule]: register schedule /Users/Lee/Desktop/javascript_re/eggdemo/node_modules/egg-logrotator/app/schedule/clean_log.js
2019-07-26 17:11:48,282 INFO 54888 [egg-schedule]: register schedule /Users/Lee/Desktop/javascript_re/eggdemo/node_modules/egg-logrotator/app/schedule/rotate_by_file.js
2019-07-26 17:11:56,531 INFO 54892 [egg-schedule]: register schedule /Users/Lee/Desktop/javascript_re/eggdemo/node_modules/egg-multipart/app/schedule/clean_tmpdir.js
2019-07-26 17:11:56,531 INFO 54892 [egg-schedule]: register schedule /Users/Lee/Desktop/javascript_re/eggdemo/node_modules/egg-logrotator/app/schedule/clean_log.js
2019-07-26 17:11:56,531 INFO 54892 [egg-schedule]: register schedule /Users/Lee/Desktop/javascript_re/eggdemo/node_modules/egg-logrotator/app/schedule/rotate_by_file.js
2019-07-26 17:12:11,136 INFO 54900 [egg-schedule]: register schedule /Users/Lee/Desktop/javascript_re/eggdemo/node_modules/egg-multipart/app/schedule/clean_tmpdir.js
2019-07-26 17:12:11,136 INFO 54900 [egg-schedule]: register schedule /Users/Lee/Desktop/javascript_re/eggdemo/node_modules/egg-logrotator/app/schedule/clean_log.js
2019-07-26 17:12:11,136 INFO 54900 [egg-schedule]: register schedule /Users/Lee/Desktop/javascript_re/eggdemo/node_modules/egg-logrotator/app/schedule/rotate_by_file.js
2019-07-26 17:12:28,503 INFO 54906 [egg-schedule]: register schedule /Users/Lee/Desktop/javascript_re/eggdemo/node_modules/egg-multipart/app/schedule/clean_tmpdir.js
2019-07-26 17:12:28,503 INFO 54906 [egg-schedule]: register schedule /Users/Lee/Desktop/javascript_re/eggdemo/node_modules/egg-logrotator/app/schedule/clean_log.js
2019-07-26 17:12:28,503 INFO 54906 [egg-schedule]: register schedule /Users/Lee/Desktop/javascript_re/eggdemo/node_modules/egg-logrotator/app/schedule/rotate_by_file.js
2019-07-26 17:12:38,804 INFO 54911 [egg-schedule]: register schedule /Users/Lee/Desktop/javascript_re/eggdemo/node_modules/egg-multipart/app/schedule/clean_tmpdir.js
2019-07-26 17:12:38,804 INFO 54911 [egg-schedule]: register schedule /Users/Lee/Desktop/javascript_re/eggdemo/node_modules/egg-logrotator/app/schedule/clean_log.js
2019-07-26 17:12:38,804 INFO 54911 [egg-schedule]: register schedule /Users/Lee/Desktop/javascript_re/eggdemo/node_modules/egg-logrotator/app/schedule/rotate_by_file.js
2019-07-26 17:13:44,266 INFO 54935 [egg-schedule]: register schedule /Users/Lee/Desktop/javascript_re/eggdemo/node_modules/egg-multipart/app/schedule/clean_tmpdir.js
2019-07-26 17:13:44,266 INFO 54935 [egg-schedule]: register schedule /Users/Lee/Desktop/javascript_re/eggdemo/node_modules/egg-logrotator/app/schedule/clean_log.js
2019-07-26 17:13:44,266 INFO 54935 [egg-schedule]: register schedule /Users/Lee/Desktop/javascript_re/eggdemo/node_modules/egg-logrotator/app/schedule/rotate_by_file.js
2019-07-26 17:13:45,264 INFO 54936 [egg-schedule]: register schedule /Users/Lee/Desktop/javascript_re/eggdemo/node_modules/egg-multipart/app/schedule/clean_tmpdir.js
2019-07-26 17:13:45,264 INFO 54936 [egg-schedule]: register schedule /Users/Lee/Desktop/javascript_re/eggdemo/node_modules/egg-logrotator/app/schedule/clean_log.js
2019-07-26 17:13:45,264 INFO 54936 [egg-schedule]: register schedule /Users/Lee/Desktop/javascript_re/eggdemo/node_modules/egg-logrotator/app/schedule/rotate_by_file.js
2019-07-26 17:13:58,427 INFO 54940 [egg-schedule]: register schedule /Users/Lee/Desktop/javascript_re/eggdemo/node_modules/egg-multipart/app/schedule/clean_tmpdir.js
2019-07-26 17:13:58,427 INFO 54940 [egg-schedule]: register schedule /Users/Lee/Desktop/javascript_re/eggdemo/node_modules/egg-logrotator/app/schedule/clean_log.js
2019-07-26 17:13:58,427 INFO 54940 [egg-schedule]: register schedule /Users/Lee/Desktop/javascript_re/eggdemo/node_modules/egg-logrotator/app/schedule/rotate_by_file.js
2019-07-26 17:14:29,158 INFO 54958 [egg-schedule]: register schedule /Users/Lee/Desktop/javascript_re/eggdemo/node_modules/egg-multipart/app/schedule/clean_tmpdir.js
2019-07-26 17:14:29,158 INFO 54958 [egg-schedule]: register schedule /Users/Lee/Desktop/javascript_re/eggdemo/node_modules/egg-logrotator/app/schedule/clean_log.js
2019-07-26 17:14:29,158 INFO 54958 [egg-schedule]: register schedule /Users/Lee/Desktop/javascript_re/eggdemo/node_modules/egg-logrotator/app/schedule/rotate_by_file.js
2019-07-26 17:15:39,681 INFO 54986 [egg-schedule]: register schedule /Users/Lee/Desktop/javascript_re/eggdemo/node_modules/egg-multipart/app/schedule/clean_tmpdir.js
2019-07-26 17:15:39,681 INFO 54986 [egg-schedule]: register schedule /Users/Lee/Desktop/javascript_re/eggdemo/node_modules/egg-logrotator/app/schedule/clean_log.js
2019-07-26 17:15:39,681 INFO 54986 [egg-schedule]: register schedule /Users/Lee/Desktop/javascript_re/eggdemo/node_modules/egg-logrotator/app/schedule/rotate_by_file.js
2019-07-26 17:16:15,756 INFO 54998 [egg-schedule]: register schedule /Users/Lee/Desktop/javascript_re/eggdemo/node_modules/egg-multipart/app/schedule/clean_tmpdir.js
2019-07-26 17:16:15,756 INFO 54998 [egg-schedule]: register schedule /Users/Lee/Desktop/javascript_re/eggdemo/node_modules/egg-logrotator/app/schedule/clean_log.js
2019-07-26 17:16:15,756 INFO 54998 [egg-schedule]: register schedule /Users/Lee/Desktop/javascript_re/eggdemo/node_modules/egg-logrotator/app/schedule/rotate_by_file.js
2019-07-26 17:16:32,911 INFO 55004 [egg-schedule]: register schedule /Users/Lee/Desktop/javascript_re/eggdemo/node_modules/egg-multipart/app/schedule/clean_tmpdir.js
2019-07-26 17:16:32,911 INFO 55004 [egg-schedule]: register schedule /Users/Lee/Desktop/javascript_re/eggdemo/node_modules/egg-logrotator/app/schedule/clean_log.js
2019-07-26 17:16:32,911 INFO 55004 [egg-schedule]: register schedule /Users/Lee/Desktop/javascript_re/eggdemo/node_modules/egg-logrotator/app/schedule/rotate_by_file.js
2019-07-26 17:16:38,520 INFO 55008 [egg-schedule]: register schedule /Users/Lee/Desktop/javascript_re/eggdemo/node_modules/egg-multipart/app/schedule/clean_tmpdir.js
2019-07-26 17:16:38,520 INFO 55008 [egg-schedule]: register schedule /Users/Lee/Desktop/javascript_re/eggdemo/node_modules/egg-logrotator/app/schedule/clean_log.js
2019-07-26 17:16:38,520 INFO 55008 [egg-schedule]: register schedule /Users/Lee/Desktop/javascript_re/eggdemo/node_modules/egg-logrotator/app/schedule/rotate_by_file.js
2019-07-26 17:16:39,663 INFO 55009 [egg-schedule]: register schedule /Users/Lee/Desktop/javascript_re/eggdemo/node_modules/egg-multipart/app/schedule/clean_tmpdir.js
2019-07-26 17:16:39,663 INFO 55009 [egg-schedule]: register schedule /Users/Lee/Desktop/javascript_re/eggdemo/node_modules/egg-logrotator/app/schedule/clean_log.js
2019-07-26 17:16:39,663 INFO 55009 [egg-schedule]: register schedule /Users/Lee/Desktop/javascript_re/eggdemo/node_modules/egg-logrotator/app/schedule/rotate_by_file.js
2019-07-26 17:16:42,671 INFO 55011 [egg-schedule]: register schedule /Users/Lee/Desktop/javascript_re/eggdemo/node_modules/egg-multipart/app/schedule/clean_tmpdir.js
2019-07-26 17:16:42,671 INFO 55011 [egg-schedule]: register schedule /Users/Lee/Desktop/javascript_re/eggdemo/node_modules/egg-logrotator/app/schedule/clean_log.js
2019-07-26 17:16:42,671 INFO 55011 [egg-schedule]: register schedule /Users/Lee/Desktop/javascript_re/eggdemo/node_modules/egg-logrotator/app/schedule/rotate_by_file.js
2019-07-26 17:17:02,634 INFO 55019 [egg-schedule]: register schedule /Users/Lee/Desktop/javascript_re/eggdemo/node_modules/egg-multipart/app/schedule/clean_tmpdir.js
2019-07-26 17:17:02,634 INFO 55019 [egg-schedule]: register schedule /Users/Lee/Desktop/javascript_re/eggdemo/node_modules/egg-logrotator/app/schedule/clean_log.js
2019-07-26 17:17:02,634 INFO 55019 [egg-schedule]: register schedule /Users/Lee/Desktop/javascript_re/eggdemo/node_modules/egg-logrotator/app/schedule/rotate_by_file.js
2019-07-26 17:17:08,895 INFO 55022 [egg-schedule]: register schedule /Users/Lee/Desktop/javascript_re/eggdemo/node_modules/egg-multipart/app/schedule/clean_tmpdir.js
2019-07-26 17:17:08,895 INFO 55022 [egg-schedule]: register schedule /Users/Lee/Desktop/javascript_re/eggdemo/node_modules/egg-logrotator/app/schedule/clean_log.js
2019-07-26 17:17:08,895 INFO 55022 [egg-schedule]: register schedule /Users/Lee/Desktop/javascript_re/eggdemo/node_modules/egg-logrotator/app/schedule/rotate_by_file.js
